11:55:30 506 ERROR [main] com.cs.tool.impl.XmlTool serialVersionUID has no @Describle annotation
11:55:30 508 ERROR [main] com.cs.tool.impl.XmlTool com.base.def.type.AIDef has no method setSerialVersionUID
11:55:30 509 INFO  [main] com.cs.tool.impl.XmlTool com.base.def.type.AIDef xml loadding successful
11:55:30 510 ERROR [main] com.cs.tool.impl.XmlTool serialVersionUID has no @Describle annotation
11:55:30 510 ERROR [main] com.cs.tool.impl.XmlTool serialVersionUID has no describle
11:55:30 510 INFO  [main] com.cs.tool.impl.XmlTool com.base.def.type.AIDef excel load successful
11:55:30 511 ERROR [main] com.cs.tool.impl.XmlTool serialVersionUID has no @Describle annotation
11:55:30 511 ERROR [main] com.cs.tool.impl.XmlTool com.base.def.type.CampDef has no method setSerialVersionUID
11:55:30 512 INFO  [main] com.cs.tool.impl.XmlTool com.base.def.type.CampDef xml loadding successful
11:55:30 512 ERROR [main] com.cs.tool.impl.XmlTool serialVersionUID has no @Describle annotation
11:55:30 513 ERROR [main] com.cs.tool.impl.XmlTool serialVersionUID has no describle
11:55:30 513 INFO  [main] com.cs.tool.impl.XmlTool com.base.def.type.CampDef excel load successful
11:55:30 513 ERROR [main] com.cs.tool.impl.XmlTool serialVersionUID has no @Describle annotation
11:55:30 513 ERROR [main] com.cs.tool.impl.XmlTool com.base.def.type.CareerDef has no method setSerialVersionUID
11:55:30 516 INFO  [main] com.cs.tool.impl.XmlTool com.base.def.type.CareerDef xml loadding successful
11:55:30 516 ERROR [main] com.cs.tool.impl.XmlTool serialVersionUID has no @Describle annotation
11:55:30 516 ERROR [main] com.cs.tool.impl.XmlTool serialVersionUID has no describle
11:55:30 519 INFO  [main] com.cs.tool.impl.XmlTool com.base.def.type.CareerDef excel load successful
11:55:30 519 ERROR [main] com.cs.tool.impl.XmlTool serialVersionUID has no @Describle annotation
11:55:30 519 ERROR [main] com.cs.tool.impl.XmlTool com.base.def.type.ConfigDef has no method setSerialVersionUID
11:55:30 519 INFO  [main] com.cs.tool.impl.XmlTool com.base.def.type.ConfigDef xml loadding successful
11:55:30 519 ERROR [main] com.cs.tool.impl.XmlTool serialVersionUID has no @Describle annotation
11:55:30 519 ERROR [main] com.cs.tool.impl.XmlTool serialVersionUID has no describle
11:55:30 519 INFO  [main] com.cs.tool.impl.XmlTool com.base.def.type.ConfigDef excel load successful
11:55:30 520 ERROR [main] com.cs.tool.impl.XmlTool serialVersionUID has no @Describle annotation
11:55:30 520 ERROR [main] com.cs.tool.impl.XmlTool com.base.def.type.FamilyDef has no method setSerialVersionUID
11:55:30 520 INFO  [main] com.cs.tool.impl.XmlTool com.base.def.type.FamilyDef xml loadding successful
11:55:30 520 ERROR [main] com.cs.tool.impl.XmlTool serialVersionUID has no @Describle annotation
11:55:30 520 ERROR [main] com.cs.tool.impl.XmlTool serialVersionUID has no describle
11:55:30 521 INFO  [main] com.cs.tool.impl.XmlTool com.base.def.type.FamilyDef excel load successful
11:55:30 521 ERROR [main] com.cs.tool.impl.XmlTool serialVersionUID has no @Describle annotation
11:55:30 521 ERROR [main] com.cs.tool.impl.XmlTool com.base.def.type.FamilyRoleJurisDef has no method setSerialVersionUID
11:55:30 521 INFO  [main] com.cs.tool.impl.XmlTool com.base.def.type.FamilyRoleJurisDef xml loadding successful
11:55:30 521 ERROR [main] com.cs.tool.impl.XmlTool serialVersionUID has no @Describle annotation
11:55:30 521 ERROR [main] com.cs.tool.impl.XmlTool serialVersionUID has no describle
11:55:30 522 INFO  [main] com.cs.tool.impl.XmlTool com.base.def.type.FamilyRoleJurisDef excel load successful
11:55:30 523 ERROR [main] com.cs.tool.impl.XmlTool serialVersionUID has no @Describle annotation
11:55:30 523 ERROR [main] com.cs.tool.impl.XmlTool com.base.def.type.FightDef has no method setSerialVersionUID
11:55:30 525 INFO  [main] com.cs.tool.impl.XmlTool com.base.def.type.FightDef xml loadding successful
11:55:30 526 ERROR [main] com.cs.tool.impl.XmlTool serialVersionUID has no @Describle annotation
11:55:30 526 ERROR [main] com.cs.tool.impl.XmlTool serialVersionUID has no describle
11:55:30 528 INFO  [main] com.cs.tool.impl.XmlTool com.base.def.type.FightDef excel load successful
11:55:30 528 ERROR [main] com.cs.tool.impl.XmlTool serialVersionUID has no @Describle annotation
11:55:30 529 ERROR [main] com.cs.tool.impl.XmlTool com.base.def.type.item.BlessConsumeItemDef has no method setSerialVersionUID
11:55:30 530 ERROR [main] com.cs.tool.impl.XmlTool serialVersionUID has no @Describle annotation
11:55:30 530 ERROR [main] com.cs.tool.impl.XmlTool com.base.def.type.item.BlessConsumeItemDef has no method setSerialVersionUID
11:55:30 530 INFO  [main] com.cs.tool.impl.XmlTool com.base.def.type.item.BlessConsumeItemDef xml loadding successful
11:55:30 530 ERROR [main] com.cs.tool.impl.XmlTool serialVersionUID has no @Describle annotation
11:55:30 530 ERROR [main] com.cs.tool.impl.XmlTool serialVersionUID has no describle
11:55:30 531 ERROR [main] com.cs.tool.impl.XmlTool serialVersionUID has no @Describle annotation
11:55:30 531 ERROR [main] com.cs.tool.impl.XmlTool serialVersionUID has no describle
11:55:30 532 INFO  [main] com.cs.tool.impl.XmlTool com.base.def.type.item.BlessConsumeItemDef excel load successful
11:55:30 532 ERROR [main] com.cs.tool.impl.XmlTool serialVersionUID has no @Describle annotation
11:55:30 533 ERROR [main] com.cs.tool.impl.XmlTool com.base.def.type.item.ChestDef has no method setSerialVersionUID
11:55:30 534 ERROR [main] com.cs.tool.impl.XmlTool serialVersionUID has no @Describle annotation
11:55:30 534 ERROR [main] com.cs.tool.impl.XmlTool com.base.def.type.item.ChestDef has no method setSerialVersionUID
11:55:30 534 INFO  [main] com.cs.tool.impl.XmlTool com.base.def.type.item.ChestDef xml loadding successful
11:55:30 534 ERROR [main] com.cs.tool.impl.XmlTool serialVersionUID has no @Describle annotation
11:55:30 534 ERROR [main] com.cs.tool.impl.XmlTool serialVersionUID has no describle
11:55:30 535 ERROR [main] com.cs.tool.impl.XmlTool serialVersionUID has no @Describle annotation
11:55:30 535 ERROR [main] com.cs.tool.impl.XmlTool serialVersionUID has no describle
11:55:30 536 INFO  [main] com.cs.tool.impl.XmlTool com.base.def.type.item.ChestDef excel load successful
11:55:30 536 ERROR [main] com.cs.tool.impl.XmlTool serialVersionUID has no @Describle annotation
11:55:30 536 ERROR [main] com.cs.tool.impl.XmlTool com.base.def.type.item.CurrencyItemDef has no method setSerialVersionUID
11:55:30 537 ERROR [main] com.cs.tool.impl.XmlTool serialVersionUID has no @Describle annotation
11:55:30 537 ERROR [main] com.cs.tool.impl.XmlTool com.base.def.type.item.CurrencyItemDef has no method setSerialVersionUID
11:55:30 537 INFO  [main] com.cs.tool.impl.XmlTool com.base.def.type.item.CurrencyItemDef xml loadding successful
11:55:30 537 ERROR [main] com.cs.tool.impl.XmlTool serialVersionUID has no @Describle annotation
11:55:30 537 ERROR [main] com.cs.tool.impl.XmlTool serialVersionUID has no describle
11:55:30 538 ERROR [main] com.cs.tool.impl.XmlTool serialVersionUID has no @Describle annotation
11:55:30 538 ERROR [main] com.cs.tool.impl.XmlTool serialVersionUID has no describle
11:55:30 538 INFO  [main] com.cs.tool.impl.XmlTool com.base.def.type.item.CurrencyItemDef excel load successful
11:55:30 538 ERROR [main] com.cs.tool.impl.XmlTool serialVersionUID has no @Describle annotation
11:55:30 539 ERROR [main] com.cs.tool.impl.XmlTool com.base.def.type.item.EquipDef has no method setSerialVersionUID
11:55:30 540 ERROR [main] com.cs.tool.impl.XmlTool serialVersionUID has no @Describle annotation
11:55:30 540 ERROR [main] com.cs.tool.impl.XmlTool com.base.def.type.item.EquipDef has no method setSerialVersionUID
11:55:30 541 INFO  [main] com.cs.tool.impl.XmlTool com.base.def.type.item.EquipDef xml loadding successful
11:55:30 541 ERROR [main] com.cs.tool.impl.XmlTool serialVersionUID has no @Describle annotation
11:55:30 541 ERROR [main] com.cs.tool.impl.XmlTool serialVersionUID has no describle
11:55:30 542 ERROR [main] com.cs.tool.impl.XmlTool serialVersionUID has no @Describle annotation
11:55:30 542 ERROR [main] com.cs.tool.impl.XmlTool serialVersionUID has no describle
11:55:30 543 INFO  [main] com.cs.tool.impl.XmlTool com.base.def.type.item.EquipDef excel load successful
11:55:30 544 ERROR [main] com.cs.tool.impl.XmlTool serialVersionUID has no @Describle annotation
11:55:30 544 ERROR [main] com.cs.tool.impl.XmlTool com.base.def.type.item.ExpConsumeItemDef has no method setSerialVersionUID
11:55:30 545 ERROR [main] com.cs.tool.impl.XmlTool serialVersionUID has no @Describle annotation
11:55:30 545 ERROR [main] com.cs.tool.impl.XmlTool com.base.def.type.item.ExpConsumeItemDef has no method setSerialVersionUID
11:55:30 545 INFO  [main] com.cs.tool.impl.XmlTool com.base.def.type.item.ExpConsumeItemDef xml loadding successful
11:55:30 545 ERROR [main] com.cs.tool.impl.XmlTool serialVersionUID has no @Describle annotation
11:55:30 545 ERROR [main] com.cs.tool.impl.XmlTool serialVersionUID has no describle
11:55:30 546 ERROR [main] com.cs.tool.impl.XmlTool serialVersionUID has no @Describle annotation
11:55:30 546 ERROR [main] com.cs.tool.impl.XmlTool serialVersionUID has no describle
11:55:30 546 INFO  [main] com.cs.tool.impl.XmlTool com.base.def.type.item.ExpConsumeItemDef excel load successful
11:55:30 546 ERROR [main] com.cs.tool.impl.XmlTool serialVersionUID has no @Describle annotation
11:55:30 547 ERROR [main] com.cs.tool.impl.XmlTool com.base.def.type.item.ExpSwordItemDef has no method setSerialVersionUID
11:55:30 548 ERROR [main] com.cs.tool.impl.XmlTool serialVersionUID has no @Describle annotation
11:55:30 548 ERROR [main] com.cs.tool.impl.XmlTool com.base.def.type.item.ExpSwordItemDef has no method setSerialVersionUID
11:55:30 548 INFO  [main] com.cs.tool.impl.XmlTool com.base.def.type.item.ExpSwordItemDef xml loadding successful
11:55:30 548 ERROR [main] com.cs.tool.impl.XmlTool serialVersionUID has no @Describle annotation
11:55:30 548 ERROR [main] com.cs.tool.impl.XmlTool serialVersionUID has no describle
11:55:30 549 ERROR [main] com.cs.tool.impl.XmlTool serialVersionUID has no @Describle annotation
11:55:30 549 ERROR [main] com.cs.tool.impl.XmlTool serialVersionUID has no describle
11:55:30 549 INFO  [main] com.cs.tool.impl.XmlTool com.base.def.type.item.ExpSwordItemDef excel load successful
11:55:30 549 ERROR [main] com.cs.tool.impl.XmlTool serialVersionUID has no @Describle annotation
11:55:30 549 ERROR [main] com.cs.tool.impl.XmlTool com.base.def.type.item.GemDef has no method setSerialVersionUID
11:55:30 550 ERROR [main] com.cs.tool.impl.XmlTool serialVersionUID has no @Describle annotation
11:55:30 550 ERROR [main] com.cs.tool.impl.XmlTool com.base.def.type.item.GemDef has no method setSerialVersionUID
11:55:30 551 INFO  [main] com.cs.tool.impl.XmlTool com.base.def.type.item.GemDef xml loadding successful
11:55:30 551 ERROR [main] com.cs.tool.impl.XmlTool serialVersionUID has no @Describle annotation
11:55:30 551 ERROR [main] com.cs.tool.impl.XmlTool serialVersionUID has no describle
11:55:30 552 ERROR [main] com.cs.tool.impl.XmlTool serialVersionUID has no @Describle annotation
11:55:30 552 ERROR [main] com.cs.tool.impl.XmlTool serialVersionUID has no describle
11:55:30 552 INFO  [main] com.cs.tool.impl.XmlTool com.base.def.type.item.GemDef excel load successful
11:55:30 553 ERROR [main] com.cs.tool.impl.XmlTool serialVersionUID has no @Describle annotation
11:55:30 553 ERROR [main] com.cs.tool.impl.XmlTool com.base.def.type.item.GoldItemDef has no method setSerialVersionUID
11:55:30 554 ERROR [main] com.cs.tool.impl.XmlTool serialVersionUID has no @Describle annotation
11:55:30 554 ERROR [main] com.cs.tool.impl.XmlTool com.base.def.type.item.GoldItemDef has no method setSerialVersionUID
11:55:30 554 INFO  [main] com.cs.tool.impl.XmlTool com.base.def.type.item.GoldItemDef xml loadding successful
11:55:30 554 ERROR [main] com.cs.tool.impl.XmlTool serialVersionUID has no @Describle annotation
11:55:30 554 ERROR [main] com.cs.tool.impl.XmlTool serialVersionUID has no describle
11:55:30 555 ERROR [main] com.cs.tool.impl.XmlTool serialVersionUID has no @Describle annotation
11:55:30 555 ERROR [main] com.cs.tool.impl.XmlTool serialVersionUID has no describle
11:55:30 555 INFO  [main] com.cs.tool.impl.XmlTool com.base.def.type.item.GoldItemDef excel load successful
11:55:30 555 ERROR [main] com.cs.tool.impl.XmlTool serialVersionUID has no @Describle annotation
11:55:30 555 ERROR [main] com.cs.tool.impl.XmlTool com.base.def.type.item.IncreateItemDef has no method setSerialVersionUID
11:55:30 556 ERROR [main] com.cs.tool.impl.XmlTool serialVersionUID has no @Describle annotation
11:55:30 556 ERROR [main] com.cs.tool.impl.XmlTool com.base.def.type.item.IncreateItemDef has no method setSerialVersionUID
11:55:30 556 INFO  [main] com.cs.tool.impl.XmlTool com.base.def.type.item.IncreateItemDef xml loadding successful
11:55:30 556 ERROR [main] com.cs.tool.impl.XmlTool serialVersionUID has no @Describle annotation
11:55:30 556 ERROR [main] com.cs.tool.impl.XmlTool serialVersionUID has no describle
11:55:30 557 ERROR [main] com.cs.tool.impl.XmlTool serialVersionUID has no @Describle annotation
11:55:30 557 ERROR [main] com.cs.tool.impl.XmlTool serialVersionUID has no describle
11:55:30 557 INFO  [main] com.cs.tool.impl.XmlTool com.base.def.type.item.IncreateItemDef excel load successful
11:55:30 557 ERROR [main] com.cs.tool.impl.XmlTool serialVersionUID has no @Describle annotation
11:55:30 558 ERROR [main] com.cs.tool.impl.XmlTool com.base.def.type.item.NomalItemDef has no method setSerialVersionUID
11:55:30 559 ERROR [main] com.cs.tool.impl.XmlTool serialVersionUID has no @Describle annotation
11:55:30 559 ERROR [main] com.cs.tool.impl.XmlTool com.base.def.type.item.NomalItemDef has no method setSerialVersionUID
11:55:30 559 INFO  [main] com.cs.tool.impl.XmlTool com.base.def.type.item.NomalItemDef xml loadding successful
11:55:30 559 ERROR [main] com.cs.tool.impl.XmlTool serialVersionUID has no @Describle annotation
11:55:30 559 ERROR [main] com.cs.tool.impl.XmlTool serialVersionUID has no describle
11:55:30 560 ERROR [main] com.cs.tool.impl.XmlTool serialVersionUID has no @Describle annotation
11:55:30 560 ERROR [main] com.cs.tool.impl.XmlTool serialVersionUID has no describle
11:55:30 560 INFO  [main] com.cs.tool.impl.XmlTool com.base.def.type.item.NomalItemDef excel load successful
11:55:30 560 ERROR [main] com.cs.tool.impl.XmlTool serialVersionUID has no @Describle annotation
11:55:30 560 ERROR [main] com.cs.tool.impl.XmlTool com.base.def.type.item.PotionItemDef has no method setSerialVersionUID
11:55:30 561 ERROR [main] com.cs.tool.impl.XmlTool serialVersionUID has no @Describle annotation
11:55:30 561 ERROR [main] com.cs.tool.impl.XmlTool com.base.def.type.item.PotionItemDef has no method setSerialVersionUID
11:55:30 561 INFO  [main] com.cs.tool.impl.XmlTool com.base.def.type.item.PotionItemDef xml loadding successful
11:55:30 561 ERROR [main] com.cs.tool.impl.XmlTool serialVersionUID has no @Describle annotation
11:55:30 562 ERROR [main] com.cs.tool.impl.XmlTool serialVersionUID has no describle
11:55:30 562 ERROR [main] com.cs.tool.impl.XmlTool serialVersionUID has no @Describle annotation
11:55:30 562 ERROR [main] com.cs.tool.impl.XmlTool serialVersionUID has no describle
11:55:30 563 INFO  [main] com.cs.tool.impl.XmlTool com.base.def.type.item.PotionItemDef excel load successful
11:55:30 563 ERROR [main] com.cs.tool.impl.XmlTool serialVersionUID has no @Describle annotation
11:55:30 563 ERROR [main] com.cs.tool.impl.XmlTool com.base.def.type.item.ResourcesItemDef has no method setSerialVersionUID
11:55:30 564 ERROR [main] com.cs.tool.impl.XmlTool serialVersionUID has no @Describle annotation
11:55:30 564 ERROR [main] com.cs.tool.impl.XmlTool com.base.def.type.item.ResourcesItemDef has no method setSerialVersionUID
11:55:30 564 INFO  [main] com.cs.tool.impl.XmlTool com.base.def.type.item.ResourcesItemDef xml loadding successful
11:55:30 564 ERROR [main] com.cs.tool.impl.XmlTool serialVersionUID has no @Describle annotation
11:55:30 564 ERROR [main] com.cs.tool.impl.XmlTool serialVersionUID has no describle
11:55:30 565 ERROR [main] com.cs.tool.impl.XmlTool serialVersionUID has no @Describle annotation
11:55:30 565 ERROR [main] com.cs.tool.impl.XmlTool serialVersionUID has no describle
11:55:30 566 INFO  [main] com.cs.tool.impl.XmlTool com.base.def.type.item.ResourcesItemDef excel load successful
11:55:30 566 ERROR [main] com.cs.tool.impl.XmlTool serialVersionUID has no @Describle annotation
11:55:30 566 ERROR [main] com.cs.tool.impl.XmlTool com.base.def.type.item.ScrollItemDef has no method setSerialVersionUID
11:55:30 567 ERROR [main] com.cs.tool.impl.XmlTool serialVersionUID has no @Describle annotation
11:55:30 567 ERROR [main] com.cs.tool.impl.XmlTool com.base.def.type.item.ScrollItemDef has no method setSerialVersionUID
11:55:30 567 INFO  [main] com.cs.tool.impl.XmlTool com.base.def.type.item.ScrollItemDef xml loadding successful
11:55:30 567 ERROR [main] com.cs.tool.impl.XmlTool serialVersionUID has no @Describle annotation
11:55:30 567 ERROR [main] com.cs.tool.impl.XmlTool serialVersionUID has no describle
11:55:30 568 ERROR [main] com.cs.tool.impl.XmlTool serialVersionUID has no @Describle annotation
11:55:30 568 ERROR [main] com.cs.tool.impl.XmlTool serialVersionUID has no describle
11:55:30 568 INFO  [main] com.cs.tool.impl.XmlTool com.base.def.type.item.ScrollItemDef excel load successful
11:55:30 569 ERROR [main] com.cs.tool.impl.XmlTool serialVersionUID has no @Describle annotation
11:55:30 569 ERROR [main] com.cs.tool.impl.XmlTool com.base.def.type.item.SkillBookDef has no method setSerialVersionUID
11:55:30 570 ERROR [main] com.cs.tool.impl.XmlTool serialVersionUID has no @Describle annotation
11:55:30 570 ERROR [main] com.cs.tool.impl.XmlTool com.base.def.type.item.SkillBookDef has no method setSerialVersionUID
11:55:30 570 INFO  [main] com.cs.tool.impl.XmlTool com.base.def.type.item.SkillBookDef xml loadding successful
11:55:30 570 ERROR [main] com.cs.tool.impl.XmlTool serialVersionUID has no @Describle annotation
11:55:30 570 ERROR [main] com.cs.tool.impl.XmlTool serialVersionUID has no describle
11:55:30 571 ERROR [main] com.cs.tool.impl.XmlTool serialVersionUID has no @Describle annotation
11:55:30 571 ERROR [main] com.cs.tool.impl.XmlTool serialVersionUID has no describle
11:55:30 571 INFO  [main] com.cs.tool.impl.XmlTool com.base.def.type.item.SkillBookDef excel load successful
11:55:30 571 ERROR [main] com.cs.tool.impl.XmlTool serialVersionUID has no @Describle annotation
11:55:30 571 ERROR [main] com.cs.tool.impl.XmlTool com.base.def.type.item.TaskItemDef has no method setSerialVersionUID
11:55:30 572 ERROR [main] com.cs.tool.impl.XmlTool serialVersionUID has no @Describle annotation
11:55:30 572 ERROR [main] com.cs.tool.impl.XmlTool com.base.def.type.item.TaskItemDef has no method setSerialVersionUID
11:55:30 572 INFO  [main] com.cs.tool.impl.XmlTool com.base.def.type.item.TaskItemDef xml loadding successful
11:55:30 572 ERROR [main] com.cs.tool.impl.XmlTool serialVersionUID has no @Describle annotation
11:55:30 572 ERROR [main] com.cs.tool.impl.XmlTool serialVersionUID has no describle
11:55:30 573 ERROR [main] com.cs.tool.impl.XmlTool serialVersionUID has no @Describle annotation
11:55:30 573 ERROR [main] com.cs.tool.impl.XmlTool serialVersionUID has no describle
11:55:30 573 INFO  [main] com.cs.tool.impl.XmlTool com.base.def.type.item.TaskItemDef excel load successful
11:55:30 573 ERROR [main] com.cs.tool.impl.XmlTool serialVersionUID has no @Describle annotation
11:55:30 573 ERROR [main] com.cs.tool.impl.XmlTool com.base.def.type.LevelDef has no method setSerialVersionUID
11:55:30 574 INFO  [main] com.cs.tool.impl.XmlTool com.base.def.type.LevelDef xml loadding successful
11:55:30 574 ERROR [main] com.cs.tool.impl.XmlTool serialVersionUID has no @Describle annotation
11:55:30 574 ERROR [main] com.cs.tool.impl.XmlTool serialVersionUID has no describle
11:55:30 574 INFO  [main] com.cs.tool.impl.XmlTool com.base.def.type.LevelDef excel load successful
11:55:30 575 ERROR [main] com.cs.tool.impl.XmlTool serialVersionUID has no @Describle annotation
11:55:30 575 ERROR [main] com.cs.tool.impl.XmlTool com.base.def.type.MapDef has no method setSerialVersionUID
11:55:30 576 ERROR [main] com.cs.tool.impl.XmlTool serialVersionUID has no @Describle annotation
11:55:30 577 ERROR [main] com.cs.tool.impl.XmlTool com.base.def.entity.PolygonDef dosen't has the method setSerialVersionUID
11:55:30 577 ERROR [main] com.cs.tool.impl.XmlTool serialVersionUID has no @Describle annotation
11:55:30 577 ERROR [main] com.cs.tool.impl.XmlTool com.base.def.entity.PointDef dosen't has the method setSerialVersionUID
11:55:30 578 ERROR [main] com.cs.tool.impl.XmlTool serialVersionUID has no @Describle annotation
11:55:30 578 ERROR [main] com.cs.tool.impl.XmlTool com.base.def.entity.PolygonDef dosen't has the method setSerialVersionUID
11:55:30 578 ERROR [main] com.cs.tool.impl.XmlTool serialVersionUID has no @Describle annotation
11:55:30 578 ERROR [main] com.cs.tool.impl.XmlTool com.base.def.entity.PointDef dosen't has the method setSerialVersionUID
11:55:30 578 ERROR [main] com.cs.tool.impl.XmlTool serialVersionUID has no @Describle annotation
11:55:30 578 ERROR [main] com.cs.tool.impl.XmlTool com.base.def.entity.PolygonDef dosen't has the method setSerialVersionUID
11:55:30 578 ERROR [main] com.cs.tool.impl.XmlTool serialVersionUID has no @Describle annotation
11:55:30 578 ERROR [main] com.cs.tool.impl.XmlTool com.base.def.entity.PointDef dosen't has the method setSerialVersionUID
11:55:30 579 ERROR [main] com.cs.tool.impl.XmlTool serialVersionUID has no @Describle annotation
11:55:30 579 ERROR [main] com.cs.tool.impl.XmlTool com.base.def.entity.TeleportDef dosen't has the method setSerialVersionUID
11:55:30 579 ERROR [main] com.cs.tool.impl.XmlTool serialVersionUID has no @Describle annotation
11:55:30 579 ERROR [main] com.cs.tool.impl.XmlTool com.base.def.entity.NavmeshDef dosen't has the method setSerialVersionUID
11:55:30 580 ERROR [main] com.cs.tool.impl.XmlTool serialVersionUID has no @Describle annotation
11:55:30 580 ERROR [main] com.cs.tool.impl.XmlTool com.base.def.entity.Point3Def dosen't has the method setSerialVersionUID
11:55:30 580 ERROR [main] com.cs.tool.impl.XmlTool serialVersionUID has no @Describle annotation
11:55:30 580 ERROR [main] com.cs.tool.impl.XmlTool com.base.def.entity.AreaDef dosen't has the method setSerialVersionUID
11:55:30 580 ERROR [main] com.cs.tool.impl.XmlTool serialVersionUID has no @Describle annotation
11:55:30 580 ERROR [main] com.cs.tool.impl.XmlTool com.base.def.entity.PointDef dosen't has the method setSerialVersionUID
11:55:30 581 ERROR [main] com.cs.tool.impl.XmlTool serialVersionUID has no @Describle annotation
11:55:30 581 ERROR [main] com.cs.tool.impl.XmlTool com.base.def.entity.MonsterRefreshDef dosen't has the method setSerialVersionUID
11:55:30 581 ERROR [main] com.cs.tool.impl.XmlTool serialVersionUID has no @Describle annotation
11:55:30 581 ERROR [main] com.cs.tool.impl.XmlTool com.base.def.entity.MapNpcDef dosen't has the method setSerialVersionUID
11:55:30 582 INFO  [main] com.cs.tool.impl.XmlTool com.base.def.type.MapDef xml loadding successful
11:55:30 582 ERROR [main] com.cs.tool.impl.XmlTool serialVersionUID has no @Describle annotation
11:55:30 582 ERROR [main] com.cs.tool.impl.XmlTool serialVersionUID has no describle
11:55:30 583 INFO  [main] com.cs.tool.impl.XmlTool com.base.def.type.MapDef excel load successful
11:55:30 583 ERROR [main] com.cs.tool.impl.XmlTool serialVersionUID has no @Describle annotation
11:55:30 583 ERROR [main] com.cs.tool.impl.XmlTool com.base.def.type.NPCDef has no method setSerialVersionUID
11:55:30 583 INFO  [main] com.cs.tool.impl.XmlTool com.base.def.type.NPCDef xml loadding successful
11:55:30 583 ERROR [main] com.cs.tool.impl.XmlTool serialVersionUID has no @Describle annotation
11:55:30 583 ERROR [main] com.cs.tool.impl.XmlTool serialVersionUID has no describle
11:55:30 584 INFO  [main] com.cs.tool.impl.XmlTool com.base.def.type.NPCDef excel load successful
11:55:30 584 ERROR [main] com.cs.tool.impl.XmlTool serialVersionUID has no @Describle annotation
11:55:30 584 ERROR [main] com.cs.tool.impl.XmlTool com.base.def.type.PetDef has no method setSerialVersionUID
11:55:30 584 INFO  [main] com.cs.tool.impl.XmlTool com.base.def.type.PetDef xml loadding successful
11:55:30 584 ERROR [main] com.cs.tool.impl.XmlTool serialVersionUID has no @Describle annotation
11:55:30 584 ERROR [main] com.cs.tool.impl.XmlTool serialVersionUID has no describle
11:55:30 585 INFO  [main] com.cs.tool.impl.XmlTool com.base.def.type.PetDef excel load successful
