11:55:54 131 ERROR [main] com.cs.tool.impl.XmlTool serialVersionUID has no @Describle annotation
11:55:54 134 ERROR [main] com.cs.tool.impl.XmlTool com.base.def.type.AIDef has no method setSerialVersionUID
11:55:54 135 INFO  [main] com.cs.tool.impl.XmlTool com.base.def.type.AIDef xml loadding successful
11:55:54 135 ERROR [main] com.cs.tool.impl.XmlTool serialVersionUID has no @Describle annotation
11:55:54 135 ERROR [main] com.cs.tool.impl.XmlTool serialVersionUID has no describle
11:55:54 136 INFO  [main] com.cs.tool.impl.XmlTool com.base.def.type.AIDef excel load successful
11:55:54 136 ERROR [main] com.cs.tool.impl.XmlTool serialVersionUID has no @Describle annotation
11:55:54 136 ERROR [main] com.cs.tool.impl.XmlTool com.base.def.type.CampDef has no method setSerialVersionUID
11:55:54 138 INFO  [main] com.cs.tool.impl.XmlTool com.base.def.type.CampDef xml loadding successful
11:55:54 138 ERROR [main] com.cs.tool.impl.XmlTool serialVersionUID has no @Describle annotation
11:55:54 138 ERROR [main] com.cs.tool.impl.XmlTool serialVersionUID has no describle
11:55:54 138 INFO  [main] com.cs.tool.impl.XmlTool com.base.def.type.CampDef excel load successful
11:55:54 138 ERROR [main] com.cs.tool.impl.XmlTool serialVersionUID has no @Describle annotation
11:55:54 139 ERROR [main] com.cs.tool.impl.XmlTool com.base.def.type.CareerDef has no method setSerialVersionUID
11:55:54 141 INFO  [main] com.cs.tool.impl.XmlTool com.base.def.type.CareerDef xml loadding successful
11:55:54 141 ERROR [main] com.cs.tool.impl.XmlTool serialVersionUID has no @Describle annotation
11:55:54 141 ERROR [main] com.cs.tool.impl.XmlTool serialVersionUID has no describle
11:55:54 143 INFO  [main] com.cs.tool.impl.XmlTool com.base.def.type.CareerDef excel load successful
11:55:54 144 ERROR [main] com.cs.tool.impl.XmlTool serialVersionUID has no @Describle annotation
11:55:54 144 ERROR [main] com.cs.tool.impl.XmlTool com.base.def.type.ConfigDef has no method setSerialVersionUID
11:55:54 144 INFO  [main] com.cs.tool.impl.XmlTool com.base.def.type.ConfigDef xml loadding successful
11:55:54 144 ERROR [main] com.cs.tool.impl.XmlTool serialVersionUID has no @Describle annotation
11:55:54 144 ERROR [main] com.cs.tool.impl.XmlTool serialVersionUID has no describle
11:55:54 144 INFO  [main] com.cs.tool.impl.XmlTool com.base.def.type.ConfigDef excel load successful
11:55:54 144 ERROR [main] com.cs.tool.impl.XmlTool serialVersionUID has no @Describle annotation
11:55:54 145 ERROR [main] com.cs.tool.impl.XmlTool com.base.def.type.FamilyDef has no method setSerialVersionUID
11:55:54 145 INFO  [main] com.cs.tool.impl.XmlTool com.base.def.type.FamilyDef xml loadding successful
11:55:54 145 ERROR [main] com.cs.tool.impl.XmlTool serialVersionUID has no @Describle annotation
11:55:54 145 ERROR [main] com.cs.tool.impl.XmlTool serialVersionUID has no describle
11:55:54 145 INFO  [main] com.cs.tool.impl.XmlTool com.base.def.type.FamilyDef excel load successful
11:55:54 146 ERROR [main] com.cs.tool.impl.XmlTool serialVersionUID has no @Describle annotation
11:55:54 146 ERROR [main] com.cs.tool.impl.XmlTool com.base.def.type.FamilyRoleJurisDef has no method setSerialVersionUID
11:55:54 146 INFO  [main] com.cs.tool.impl.XmlTool com.base.def.type.FamilyRoleJurisDef xml loadding successful
11:55:54 146 ERROR [main] com.cs.tool.impl.XmlTool serialVersionUID has no @Describle annotation
11:55:54 146 ERROR [main] com.cs.tool.impl.XmlTool serialVersionUID has no describle
11:55:54 146 INFO  [main] com.cs.tool.impl.XmlTool com.base.def.type.FamilyRoleJurisDef excel load successful
11:55:54 147 ERROR [main] com.cs.tool.impl.XmlTool serialVersionUID has no @Describle annotation
11:55:54 148 ERROR [main] com.cs.tool.impl.XmlTool com.base.def.type.FightDef has no method setSerialVersionUID
11:55:54 150 INFO  [main] com.cs.tool.impl.XmlTool com.base.def.type.FightDef xml loadding successful
11:55:54 150 ERROR [main] com.cs.tool.impl.XmlTool serialVersionUID has no @Describle annotation
11:55:54 150 ERROR [main] com.cs.tool.impl.XmlTool serialVersionUID has no describle
11:55:54 153 INFO  [main] com.cs.tool.impl.XmlTool com.base.def.type.FightDef excel load successful
11:55:54 153 ERROR [main] com.cs.tool.impl.XmlTool serialVersionUID has no @Describle annotation
11:55:54 154 ERROR [main] com.cs.tool.impl.XmlTool com.base.def.type.item.BlessConsumeItemDef has no method setSerialVersionUID
11:55:54 155 ERROR [main] com.cs.tool.impl.XmlTool serialVersionUID has no @Describle annotation
11:55:54 155 ERROR [main] com.cs.tool.impl.XmlTool com.base.def.type.item.BlessConsumeItemDef has no method setSerialVersionUID
11:55:54 155 INFO  [main] com.cs.tool.impl.XmlTool com.base.def.type.item.BlessConsumeItemDef xml loadding successful
11:55:54 155 ERROR [main] com.cs.tool.impl.XmlTool serialVersionUID has no @Describle annotation
11:55:54 155 ERROR [main] com.cs.tool.impl.XmlTool serialVersionUID has no describle
11:55:54 156 ERROR [main] com.cs.tool.impl.XmlTool serialVersionUID has no @Describle annotation
11:55:54 156 ERROR [main] com.cs.tool.impl.XmlTool serialVersionUID has no describle
11:55:54 157 INFO  [main] com.cs.tool.impl.XmlTool com.base.def.type.item.BlessConsumeItemDef excel load successful
11:55:54 157 ERROR [main] com.cs.tool.impl.XmlTool serialVersionUID has no @Describle annotation
11:55:54 158 ERROR [main] com.cs.tool.impl.XmlTool com.base.def.type.item.ChestDef has no method setSerialVersionUID
11:55:54 159 ERROR [main] com.cs.tool.impl.XmlTool serialVersionUID has no @Describle annotation
11:55:54 159 ERROR [main] com.cs.tool.impl.XmlTool com.base.def.type.item.ChestDef has no method setSerialVersionUID
11:55:54 159 INFO  [main] com.cs.tool.impl.XmlTool com.base.def.type.item.ChestDef xml loadding successful
11:55:54 159 ERROR [main] com.cs.tool.impl.XmlTool serialVersionUID has no @Describle annotation
11:55:54 159 ERROR [main] com.cs.tool.impl.XmlTool serialVersionUID has no describle
11:55:54 160 ERROR [main] com.cs.tool.impl.XmlTool serialVersionUID has no @Describle annotation
11:55:54 160 ERROR [main] com.cs.tool.impl.XmlTool serialVersionUID has no describle
11:55:54 161 INFO  [main] com.cs.tool.impl.XmlTool com.base.def.type.item.ChestDef excel load successful
11:55:54 161 ERROR [main] com.cs.tool.impl.XmlTool serialVersionUID has no @Describle annotation
11:55:54 161 ERROR [main] com.cs.tool.impl.XmlTool com.base.def.type.item.CurrencyItemDef has no method setSerialVersionUID
11:55:54 162 ERROR [main] com.cs.tool.impl.XmlTool serialVersionUID has no @Describle annotation
11:55:54 162 ERROR [main] com.cs.tool.impl.XmlTool com.base.def.type.item.CurrencyItemDef has no method setSerialVersionUID
11:55:54 162 INFO  [main] com.cs.tool.impl.XmlTool com.base.def.type.item.CurrencyItemDef xml loadding successful
11:55:54 162 ERROR [main] com.cs.tool.impl.XmlTool serialVersionUID has no @Describle annotation
11:55:54 162 ERROR [main] com.cs.tool.impl.XmlTool serialVersionUID has no describle
11:55:54 163 ERROR [main] com.cs.tool.impl.XmlTool serialVersionUID has no @Describle annotation
11:55:54 163 ERROR [main] com.cs.tool.impl.XmlTool serialVersionUID has no describle
11:55:54 164 INFO  [main] com.cs.tool.impl.XmlTool com.base.def.type.item.CurrencyItemDef excel load successful
11:55:54 164 ERROR [main] com.cs.tool.impl.XmlTool serialVersionUID has no @Describle annotation
11:55:54 164 ERROR [main] com.cs.tool.impl.XmlTool com.base.def.type.item.EquipDef has no method setSerialVersionUID
11:55:54 165 ERROR [main] com.cs.tool.impl.XmlTool serialVersionUID has no @Describle annotation
11:55:54 165 ERROR [main] com.cs.tool.impl.XmlTool com.base.def.type.item.EquipDef has no method setSerialVersionUID
11:55:54 166 INFO  [main] com.cs.tool.impl.XmlTool com.base.def.type.item.EquipDef xml loadding successful
11:55:54 166 ERROR [main] com.cs.tool.impl.XmlTool serialVersionUID has no @Describle annotation
11:55:54 166 ERROR [main] com.cs.tool.impl.XmlTool serialVersionUID has no describle
11:55:54 167 ERROR [main] com.cs.tool.impl.XmlTool serialVersionUID has no @Describle annotation
11:55:54 167 ERROR [main] com.cs.tool.impl.XmlTool serialVersionUID has no describle
11:55:54 169 INFO  [main] com.cs.tool.impl.XmlTool com.base.def.type.item.EquipDef excel load successful
11:55:54 169 ERROR [main] com.cs.tool.impl.XmlTool serialVersionUID has no @Describle annotation
11:55:54 169 ERROR [main] com.cs.tool.impl.XmlTool com.base.def.type.item.ExpConsumeItemDef has no method setSerialVersionUID
11:55:54 170 ERROR [main] com.cs.tool.impl.XmlTool serialVersionUID has no @Describle annotation
11:55:54 170 ERROR [main] com.cs.tool.impl.XmlTool com.base.def.type.item.ExpConsumeItemDef has no method setSerialVersionUID
11:55:54 170 INFO  [main] com.cs.tool.impl.XmlTool com.base.def.type.item.ExpConsumeItemDef xml loadding successful
11:55:54 170 ERROR [main] com.cs.tool.impl.XmlTool serialVersionUID has no @Describle annotation
11:55:54 170 ERROR [main] com.cs.tool.impl.XmlTool serialVersionUID has no describle
11:55:54 171 ERROR [main] com.cs.tool.impl.XmlTool serialVersionUID has no @Describle annotation
11:55:54 171 ERROR [main] com.cs.tool.impl.XmlTool serialVersionUID has no describle
11:55:54 171 INFO  [main] com.cs.tool.impl.XmlTool com.base.def.type.item.ExpConsumeItemDef excel load successful
11:55:54 172 ERROR [main] com.cs.tool.impl.XmlTool serialVersionUID has no @Describle annotation
11:55:54 172 ERROR [main] com.cs.tool.impl.XmlTool com.base.def.type.item.ExpSwordItemDef has no method setSerialVersionUID
11:55:54 173 ERROR [main] com.cs.tool.impl.XmlTool serialVersionUID has no @Describle annotation
11:55:54 173 ERROR [main] com.cs.tool.impl.XmlTool com.base.def.type.item.ExpSwordItemDef has no method setSerialVersionUID
11:55:54 173 INFO  [main] com.cs.tool.impl.XmlTool com.base.def.type.item.ExpSwordItemDef xml loadding successful
11:55:54 173 ERROR [main] com.cs.tool.impl.XmlTool serialVersionUID has no @Describle annotation
11:55:54 173 ERROR [main] com.cs.tool.impl.XmlTool serialVersionUID has no describle
11:55:54 174 ERROR [main] com.cs.tool.impl.XmlTool serialVersionUID has no @Describle annotation
11:55:54 174 ERROR [main] com.cs.tool.impl.XmlTool serialVersionUID has no describle
11:55:54 174 INFO  [main] com.cs.tool.impl.XmlTool com.base.def.type.item.ExpSwordItemDef excel load successful
11:55:54 174 ERROR [main] com.cs.tool.impl.XmlTool serialVersionUID has no @Describle annotation
11:55:54 174 ERROR [main] com.cs.tool.impl.XmlTool com.base.def.type.item.GemDef has no method setSerialVersionUID
11:55:54 175 ERROR [main] com.cs.tool.impl.XmlTool serialVersionUID has no @Describle annotation
11:55:54 176 ERROR [main] com.cs.tool.impl.XmlTool com.base.def.type.item.GemDef has no method setSerialVersionUID
11:55:54 176 INFO  [main] com.cs.tool.impl.XmlTool com.base.def.type.item.GemDef xml loadding successful
11:55:54 176 ERROR [main] com.cs.tool.impl.XmlTool serialVersionUID has no @Describle annotation
11:55:54 176 ERROR [main] com.cs.tool.impl.XmlTool serialVersionUID has no describle
11:55:54 177 ERROR [main] com.cs.tool.impl.XmlTool serialVersionUID has no @Describle annotation
11:55:54 177 ERROR [main] com.cs.tool.impl.XmlTool serialVersionUID has no describle
11:55:54 178 INFO  [main] com.cs.tool.impl.XmlTool com.base.def.type.item.GemDef excel load successful
11:55:54 178 ERROR [main] com.cs.tool.impl.XmlTool serialVersionUID has no @Describle annotation
11:55:54 178 ERROR [main] com.cs.tool.impl.XmlTool com.base.def.type.item.GoldItemDef has no method setSerialVersionUID
11:55:54 179 ERROR [main] com.cs.tool.impl.XmlTool serialVersionUID has no @Describle annotation
11:55:54 179 ERROR [main] com.cs.tool.impl.XmlTool com.base.def.type.item.GoldItemDef has no method setSerialVersionUID
11:55:54 179 INFO  [main] com.cs.tool.impl.XmlTool com.base.def.type.item.GoldItemDef xml loadding successful
11:55:54 179 ERROR [main] com.cs.tool.impl.XmlTool serialVersionUID has no @Describle annotation
11:55:54 179 ERROR [main] com.cs.tool.impl.XmlTool serialVersionUID has no describle
11:55:54 180 ERROR [main] com.cs.tool.impl.XmlTool serialVersionUID has no @Describle annotation
11:55:54 180 ERROR [main] com.cs.tool.impl.XmlTool serialVersionUID has no describle
11:55:54 180 INFO  [main] com.cs.tool.impl.XmlTool com.base.def.type.item.GoldItemDef excel load successful
11:55:54 180 ERROR [main] com.cs.tool.impl.XmlTool serialVersionUID has no @Describle annotation
11:55:54 180 ERROR [main] com.cs.tool.impl.XmlTool com.base.def.type.item.IncreateItemDef has no method setSerialVersionUID
11:55:54 181 ERROR [main] com.cs.tool.impl.XmlTool serialVersionUID has no @Describle annotation
11:55:54 181 ERROR [main] com.cs.tool.impl.XmlTool com.base.def.type.item.IncreateItemDef has no method setSerialVersionUID
11:55:54 181 INFO  [main] com.cs.tool.impl.XmlTool com.base.def.type.item.IncreateItemDef xml loadding successful
11:55:54 181 ERROR [main] com.cs.tool.impl.XmlTool serialVersionUID has no @Describle annotation
11:55:54 182 ERROR [main] com.cs.tool.impl.XmlTool serialVersionUID has no describle
11:55:54 182 ERROR [main] com.cs.tool.impl.XmlTool serialVersionUID has no @Describle annotation
11:55:54 182 ERROR [main] com.cs.tool.impl.XmlTool serialVersionUID has no describle
11:55:54 183 INFO  [main] com.cs.tool.impl.XmlTool com.base.def.type.item.IncreateItemDef excel load successful
11:55:54 183 ERROR [main] com.cs.tool.impl.XmlTool serialVersionUID has no @Describle annotation
11:55:54 183 ERROR [main] com.cs.tool.impl.XmlTool com.base.def.type.item.NomalItemDef has no method setSerialVersionUID
11:55:54 184 ERROR [main] com.cs.tool.impl.XmlTool serialVersionUID has no @Describle annotation
11:55:54 184 ERROR [main] com.cs.tool.impl.XmlTool com.base.def.type.item.NomalItemDef has no method setSerialVersionUID
11:55:54 184 INFO  [main] com.cs.tool.impl.XmlTool com.base.def.type.item.NomalItemDef xml loadding successful
11:55:54 184 ERROR [main] com.cs.tool.impl.XmlTool serialVersionUID has no @Describle annotation
11:55:54 184 ERROR [main] com.cs.tool.impl.XmlTool serialVersionUID has no describle
11:55:54 185 ERROR [main] com.cs.tool.impl.XmlTool serialVersionUID has no @Describle annotation
11:55:54 185 ERROR [main] com.cs.tool.impl.XmlTool serialVersionUID has no describle
11:55:54 185 INFO  [main] com.cs.tool.impl.XmlTool com.base.def.type.item.NomalItemDef excel load successful
11:55:54 185 ERROR [main] com.cs.tool.impl.XmlTool serialVersionUID has no @Describle annotation
11:55:54 185 ERROR [main] com.cs.tool.impl.XmlTool com.base.def.type.item.PotionItemDef has no method setSerialVersionUID
11:55:54 186 ERROR [main] com.cs.tool.impl.XmlTool serialVersionUID has no @Describle annotation
11:55:54 186 ERROR [main] com.cs.tool.impl.XmlTool com.base.def.type.item.PotionItemDef has no method setSerialVersionUID
11:55:54 186 INFO  [main] com.cs.tool.impl.XmlTool com.base.def.type.item.PotionItemDef xml loadding successful
11:55:54 187 ERROR [main] com.cs.tool.impl.XmlTool serialVersionUID has no @Describle annotation
11:55:54 187 ERROR [main] com.cs.tool.impl.XmlTool serialVersionUID has no describle
11:55:54 187 ERROR [main] com.cs.tool.impl.XmlTool serialVersionUID has no @Describle annotation
11:55:54 187 ERROR [main] com.cs.tool.impl.XmlTool serialVersionUID has no describle
11:55:54 188 INFO  [main] com.cs.tool.impl.XmlTool com.base.def.type.item.PotionItemDef excel load successful
11:55:54 188 ERROR [main] com.cs.tool.impl.XmlTool serialVersionUID has no @Describle annotation
11:55:54 188 ERROR [main] com.cs.tool.impl.XmlTool com.base.def.type.item.ResourcesItemDef has no method setSerialVersionUID
11:55:54 189 ERROR [main] com.cs.tool.impl.XmlTool serialVersionUID has no @Describle annotation
11:55:54 189 ERROR [main] com.cs.tool.impl.XmlTool com.base.def.type.item.ResourcesItemDef has no method setSerialVersionUID
11:55:54 189 INFO  [main] com.cs.tool.impl.XmlTool com.base.def.type.item.ResourcesItemDef xml loadding successful
11:55:54 189 ERROR [main] com.cs.tool.impl.XmlTool serialVersionUID has no @Describle annotation
11:55:54 189 ERROR [main] com.cs.tool.impl.XmlTool serialVersionUID has no describle
11:55:54 190 ERROR [main] com.cs.tool.impl.XmlTool serialVersionUID has no @Describle annotation
11:55:54 190 ERROR [main] com.cs.tool.impl.XmlTool serialVersionUID has no describle
11:55:54 190 INFO  [main] com.cs.tool.impl.XmlTool com.base.def.type.item.ResourcesItemDef excel load successful
11:55:54 190 ERROR [main] com.cs.tool.impl.XmlTool serialVersionUID has no @Describle annotation
11:55:54 191 ERROR [main] com.cs.tool.impl.XmlTool com.base.def.type.item.ScrollItemDef has no method setSerialVersionUID
11:55:54 191 ERROR [main] com.cs.tool.impl.XmlTool serialVersionUID has no @Describle annotation
11:55:54 191 ERROR [main] com.cs.tool.impl.XmlTool com.base.def.type.item.ScrollItemDef has no method setSerialVersionUID
11:55:54 192 INFO  [main] com.cs.tool.impl.XmlTool com.base.def.type.item.ScrollItemDef xml loadding successful
11:55:54 192 ERROR [main] com.cs.tool.impl.XmlTool serialVersionUID has no @Describle annotation
11:55:54 192 ERROR [main] com.cs.tool.impl.XmlTool serialVersionUID has no describle
11:55:54 193 ERROR [main] com.cs.tool.impl.XmlTool serialVersionUID has no @Describle annotation
11:55:54 193 ERROR [main] com.cs.tool.impl.XmlTool serialVersionUID has no describle
11:55:54 193 INFO  [main] com.cs.tool.impl.XmlTool com.base.def.type.item.ScrollItemDef excel load successful
11:55:54 193 ERROR [main] com.cs.tool.impl.XmlTool serialVersionUID has no @Describle annotation
11:55:54 193 ERROR [main] com.cs.tool.impl.XmlTool com.base.def.type.item.SkillBookDef has no method setSerialVersionUID
11:55:54 194 ERROR [main] com.cs.tool.impl.XmlTool serialVersionUID has no @Describle annotation
11:55:54 194 ERROR [main] com.cs.tool.impl.XmlTool com.base.def.type.item.SkillBookDef has no method setSerialVersionUID
11:55:54 194 INFO  [main] com.cs.tool.impl.XmlTool com.base.def.type.item.SkillBookDef xml loadding successful
11:55:54 194 ERROR [main] com.cs.tool.impl.XmlTool serialVersionUID has no @Describle annotation
11:55:54 194 ERROR [main] com.cs.tool.impl.XmlTool serialVersionUID has no describle
11:55:54 195 ERROR [main] com.cs.tool.impl.XmlTool serialVersionUID has no @Describle annotation
11:55:54 195 ERROR [main] com.cs.tool.impl.XmlTool serialVersionUID has no describle
11:55:54 195 INFO  [main] com.cs.tool.impl.XmlTool com.base.def.type.item.SkillBookDef excel load successful
11:55:54 195 ERROR [main] com.cs.tool.impl.XmlTool serialVersionUID has no @Describle annotation
11:55:54 195 ERROR [main] com.cs.tool.impl.XmlTool com.base.def.type.item.TaskItemDef has no method setSerialVersionUID
11:55:54 196 ERROR [main] com.cs.tool.impl.XmlTool serialVersionUID has no @Describle annotation
11:55:54 196 ERROR [main] com.cs.tool.impl.XmlTool com.base.def.type.item.TaskItemDef has no method setSerialVersionUID
11:55:54 196 INFO  [main] com.cs.tool.impl.XmlTool com.base.def.type.item.TaskItemDef xml loadding successful
11:55:54 196 ERROR [main] com.cs.tool.impl.XmlTool serialVersionUID has no @Describle annotation
11:55:54 197 ERROR [main] com.cs.tool.impl.XmlTool serialVersionUID has no describle
11:55:54 198 ERROR [main] com.cs.tool.impl.XmlTool serialVersionUID has no @Describle annotation
11:55:54 198 ERROR [main] com.cs.tool.impl.XmlTool serialVersionUID has no describle
11:55:54 198 INFO  [main] com.cs.tool.impl.XmlTool com.base.def.type.item.TaskItemDef excel load successful
11:55:54 198 ERROR [main] com.cs.tool.impl.XmlTool serialVersionUID has no @Describle annotation
11:55:54 198 ERROR [main] com.cs.tool.impl.XmlTool com.base.def.type.LevelDef has no method setSerialVersionUID
11:55:54 198 INFO  [main] com.cs.tool.impl.XmlTool com.base.def.type.LevelDef xml loadding successful
11:55:54 198 ERROR [main] com.cs.tool.impl.XmlTool serialVersionUID has no @Describle annotation
11:55:54 198 ERROR [main] com.cs.tool.impl.XmlTool serialVersionUID has no describle
11:55:54 199 INFO  [main] com.cs.tool.impl.XmlTool com.base.def.type.LevelDef excel load successful
11:55:54 200 ERROR [main] com.cs.tool.impl.XmlTool serialVersionUID has no @Describle annotation
11:55:54 200 ERROR [main] com.cs.tool.impl.XmlTool com.base.def.type.MapDef has no method setSerialVersionUID
11:55:54 201 ERROR [main] com.cs.tool.impl.XmlTool serialVersionUID has no @Describle annotation
11:55:54 202 ERROR [main] com.cs.tool.impl.XmlTool com.base.def.entity.PolygonDef dosen't has the method setSerialVersionUID
11:55:54 202 ERROR [main] com.cs.tool.impl.XmlTool serialVersionUID has no @Describle annotation
11:55:54 202 ERROR [main] com.cs.tool.impl.XmlTool com.base.def.entity.PointDef dosen't has the method setSerialVersionUID
11:55:54 202 ERROR [main] com.cs.tool.impl.XmlTool serialVersionUID has no @Describle annotation
11:55:54 202 ERROR [main] com.cs.tool.impl.XmlTool com.base.def.entity.PolygonDef dosen't has the method setSerialVersionUID
11:55:54 202 ERROR [main] com.cs.tool.impl.XmlTool serialVersionUID has no @Describle annotation
11:55:54 202 ERROR [main] com.cs.tool.impl.XmlTool com.base.def.entity.PointDef dosen't has the method setSerialVersionUID
11:55:54 202 ERROR [main] com.cs.tool.impl.XmlTool serialVersionUID has no @Describle annotation
11:55:54 203 ERROR [main] com.cs.tool.impl.XmlTool com.base.def.entity.PolygonDef dosen't has the method setSerialVersionUID
11:55:54 203 ERROR [main] com.cs.tool.impl.XmlTool serialVersionUID has no @Describle annotation
11:55:54 203 ERROR [main] com.cs.tool.impl.XmlTool com.base.def.entity.PointDef dosen't has the method setSerialVersionUID
11:55:54 203 ERROR [main] com.cs.tool.impl.XmlTool serialVersionUID has no @Describle annotation
11:55:54 203 ERROR [main] com.cs.tool.impl.XmlTool com.base.def.entity.TeleportDef dosen't has the method setSerialVersionUID
11:55:54 204 ERROR [main] com.cs.tool.impl.XmlTool serialVersionUID has no @Describle annotation
11:55:54 204 ERROR [main] com.cs.tool.impl.XmlTool com.base.def.entity.NavmeshDef dosen't has the method setSerialVersionUID
11:55:54 204 ERROR [main] com.cs.tool.impl.XmlTool serialVersionUID has no @Describle annotation
11:55:54 204 ERROR [main] com.cs.tool.impl.XmlTool com.base.def.entity.Point3Def dosen't has the method setSerialVersionUID
11:55:54 205 ERROR [main] com.cs.tool.impl.XmlTool serialVersionUID has no @Describle annotation
11:55:54 205 ERROR [main] com.cs.tool.impl.XmlTool com.base.def.entity.AreaDef dosen't has the method setSerialVersionUID
11:55:54 205 ERROR [main] com.cs.tool.impl.XmlTool serialVersionUID has no @Describle annotation
11:55:54 205 ERROR [main] com.cs.tool.impl.XmlTool com.base.def.entity.PointDef dosen't has the method setSerialVersionUID
11:55:54 205 ERROR [main] com.cs.tool.impl.XmlTool serialVersionUID has no @Describle annotation
11:55:54 205 ERROR [main] com.cs.tool.impl.XmlTool com.base.def.entity.MonsterRefreshDef dosen't has the method setSerialVersionUID
11:55:54 206 ERROR [main] com.cs.tool.impl.XmlTool serialVersionUID has no @Describle annotation
11:55:54 206 ERROR [main] com.cs.tool.impl.XmlTool com.base.def.entity.MapNpcDef dosen't has the method setSerialVersionUID
11:55:54 206 INFO  [main] com.cs.tool.impl.XmlTool com.base.def.type.MapDef xml loadding successful
11:55:54 206 ERROR [main] com.cs.tool.impl.XmlTool serialVersionUID has no @Describle annotation
11:55:54 206 ERROR [main] com.cs.tool.impl.XmlTool serialVersionUID has no describle
11:55:54 207 INFO  [main] com.cs.tool.impl.XmlTool com.base.def.type.MapDef excel load successful
11:55:54 208 ERROR [main] com.cs.tool.impl.XmlTool serialVersionUID has no @Describle annotation
11:55:54 208 ERROR [main] com.cs.tool.impl.XmlTool com.base.def.type.NPCDef has no method setSerialVersionUID
11:55:54 208 INFO  [main] com.cs.tool.impl.XmlTool com.base.def.type.NPCDef xml loadding successful
11:55:54 208 ERROR [main] com.cs.tool.impl.XmlTool serialVersionUID has no @Describle annotation
11:55:54 208 ERROR [main] com.cs.tool.impl.XmlTool serialVersionUID has no describle
11:55:54 208 INFO  [main] com.cs.tool.impl.XmlTool com.base.def.type.NPCDef excel load successful
11:55:54 208 ERROR [main] com.cs.tool.impl.XmlTool serialVersionUID has no @Describle annotation
11:55:54 209 ERROR [main] com.cs.tool.impl.XmlTool com.base.def.type.PetDef has no method setSerialVersionUID
11:55:54 209 INFO  [main] com.cs.tool.impl.XmlTool com.base.def.type.PetDef xml loadding successful
11:55:54 209 ERROR [main] com.cs.tool.impl.XmlTool serialVersionUID has no @Describle annotation
11:55:54 209 ERROR [main] com.cs.tool.impl.XmlTool serialVersionUID has no describle
11:55:54 210 INFO  [main] com.cs.tool.impl.XmlTool com.base.def.type.PetDef excel load successful
