14:05:48 641 ERROR [main] com.cs.tool.impl.XmlTool serialVersionUID has no @Describle annotation
14:05:48 651 ERROR [main] com.cs.tool.impl.XmlTool com.base.def.type.AIDef has no method setSerialVersionUID
14:05:48 663 INFO  [main] com.cs.tool.impl.XmlTool com.base.def.type.AIDef xml loadding successful
14:05:48 664 ERROR [main] com.cs.tool.impl.XmlTool serialVersionUID has no @Describle annotation
14:05:48 665 ERROR [main] com.cs.tool.impl.XmlTool serialVersionUID has no describle
14:05:48 667 INFO  [main] com.cs.tool.impl.XmlTool com.base.def.type.AIDef excel load successful
14:05:48 668 ERROR [main] com.cs.tool.impl.XmlTool serialVersionUID has no @Describle annotation
14:05:48 668 ERROR [main] com.cs.tool.impl.XmlTool com.base.def.type.CampDef has no method setSerialVersionUID
14:05:48 684 INFO  [main] com.cs.tool.impl.XmlTool com.base.def.type.CampDef xml loadding successful
14:05:48 684 ERROR [main] com.cs.tool.impl.XmlTool serialVersionUID has no @Describle annotation
14:05:48 684 ERROR [main] com.cs.tool.impl.XmlTool serialVersionUID has no describle
14:05:48 685 INFO  [main] com.cs.tool.impl.XmlTool com.base.def.type.CampDef excel load successful
14:05:48 686 ERROR [main] com.cs.tool.impl.XmlTool serialVersionUID has no @Describle annotation
14:05:48 687 ERROR [main] com.cs.tool.impl.XmlTool com.base.def.type.CareerDef has no method setSerialVersionUID
14:05:48 696 INFO  [main] com.cs.tool.impl.XmlTool com.base.def.type.CareerDef xml loadding successful
14:05:48 696 ERROR [main] com.cs.tool.impl.XmlTool serialVersionUID has no @Describle annotation
14:05:48 697 ERROR [main] com.cs.tool.impl.XmlTool serialVersionUID has no describle
14:05:48 705 INFO  [main] com.cs.tool.impl.XmlTool com.base.def.type.CareerDef excel load successful
14:05:48 706 ERROR [main] com.cs.tool.impl.XmlTool serialVersionUID has no @Describle annotation
14:05:48 706 ERROR [main] com.cs.tool.impl.XmlTool com.base.def.type.ConfigDef has no method setSerialVersionUID
14:05:48 707 INFO  [main] com.cs.tool.impl.XmlTool com.base.def.type.ConfigDef xml loadding successful
14:05:48 708 ERROR [main] com.cs.tool.impl.XmlTool serialVersionUID has no @Describle annotation
14:05:48 708 ERROR [main] com.cs.tool.impl.XmlTool serialVersionUID has no describle
14:05:48 709 INFO  [main] com.cs.tool.impl.XmlTool com.base.def.type.ConfigDef excel load successful
14:05:48 709 ERROR [main] com.cs.tool.impl.XmlTool serialVersionUID has no @Describle annotation
14:05:48 710 ERROR [main] com.cs.tool.impl.XmlTool com.base.def.type.FamilyDef has no method setSerialVersionUID
14:05:48 711 INFO  [main] com.cs.tool.impl.XmlTool com.base.def.type.FamilyDef xml loadding successful
14:05:48 712 ERROR [main] com.cs.tool.impl.XmlTool serialVersionUID has no @Describle annotation
14:05:48 712 ERROR [main] com.cs.tool.impl.XmlTool serialVersionUID has no describle
14:05:48 713 INFO  [main] com.cs.tool.impl.XmlTool com.base.def.type.FamilyDef excel load successful
14:05:48 713 ERROR [main] com.cs.tool.impl.XmlTool serialVersionUID has no @Describle annotation
14:05:48 713 ERROR [main] com.cs.tool.impl.XmlTool com.base.def.type.FamilyRoleJurisDef has no method setSerialVersionUID
14:05:48 714 INFO  [main] com.cs.tool.impl.XmlTool com.base.def.type.FamilyRoleJurisDef xml loadding successful
14:05:48 714 ERROR [main] com.cs.tool.impl.XmlTool serialVersionUID has no @Describle annotation
14:05:48 714 ERROR [main] com.cs.tool.impl.XmlTool serialVersionUID has no describle
14:05:48 715 INFO  [main] com.cs.tool.impl.XmlTool com.base.def.type.FamilyRoleJurisDef excel load successful
14:05:48 735 ERROR [main] com.cs.tool.impl.XmlTool serialVersionUID has no @Describle annotation
14:05:48 736 ERROR [main] com.cs.tool.impl.XmlTool com.base.def.type.FightDef has no method setSerialVersionUID
14:05:48 742 INFO  [main] com.cs.tool.impl.XmlTool com.base.def.type.FightDef xml loadding successful
14:05:48 742 ERROR [main] com.cs.tool.impl.XmlTool serialVersionUID has no @Describle annotation
14:05:48 742 ERROR [main] com.cs.tool.impl.XmlTool serialVersionUID has no describle
14:05:48 747 INFO  [main] com.cs.tool.impl.XmlTool com.base.def.type.FightDef excel load successful
14:05:48 748 ERROR [main] com.cs.tool.impl.XmlTool serialVersionUID has no @Describle annotation
14:05:48 749 ERROR [main] com.cs.tool.impl.XmlTool com.base.def.type.item.BlessConsumeItemDef has no method setSerialVersionUID
14:05:48 751 ERROR [main] com.cs.tool.impl.XmlTool serialVersionUID has no @Describle annotation
14:05:48 752 ERROR [main] com.cs.tool.impl.XmlTool com.base.def.type.item.BlessConsumeItemDef has no method setSerialVersionUID
14:05:48 752 INFO  [main] com.cs.tool.impl.XmlTool com.base.def.type.item.BlessConsumeItemDef xml loadding successful
14:05:48 752 ERROR [main] com.cs.tool.impl.XmlTool serialVersionUID has no @Describle annotation
14:05:48 752 ERROR [main] com.cs.tool.impl.XmlTool serialVersionUID has no describle
14:05:48 754 ERROR [main] com.cs.tool.impl.XmlTool serialVersionUID has no @Describle annotation
14:05:48 755 ERROR [main] com.cs.tool.impl.XmlTool serialVersionUID has no describle
14:05:48 755 INFO  [main] com.cs.tool.impl.XmlTool com.base.def.type.item.BlessConsumeItemDef excel load successful
14:05:48 765 ERROR [main] com.cs.tool.impl.XmlTool serialVersionUID has no @Describle annotation
14:05:48 765 ERROR [main] com.cs.tool.impl.XmlTool com.base.def.type.item.ChestDef has no method setSerialVersionUID
14:05:48 768 ERROR [main] com.cs.tool.impl.XmlTool serialVersionUID has no @Describle annotation
14:05:48 768 ERROR [main] com.cs.tool.impl.XmlTool com.base.def.type.item.ChestDef has no method setSerialVersionUID
14:05:48 769 INFO  [main] com.cs.tool.impl.XmlTool com.base.def.type.item.ChestDef xml loadding successful
14:05:48 769 ERROR [main] com.cs.tool.impl.XmlTool serialVersionUID has no @Describle annotation
14:05:48 769 ERROR [main] com.cs.tool.impl.XmlTool serialVersionUID has no describle
14:05:48 770 ERROR [main] com.cs.tool.impl.XmlTool serialVersionUID has no @Describle annotation
14:05:48 771 ERROR [main] com.cs.tool.impl.XmlTool serialVersionUID has no describle
14:05:48 771 INFO  [main] com.cs.tool.impl.XmlTool com.base.def.type.item.ChestDef excel load successful
14:05:48 771 ERROR [main] com.cs.tool.impl.XmlTool serialVersionUID has no @Describle annotation
14:05:48 771 ERROR [main] com.cs.tool.impl.XmlTool com.base.def.type.item.CurrencyItemDef has no method setSerialVersionUID
14:05:48 772 ERROR [main] com.cs.tool.impl.XmlTool serialVersionUID has no @Describle annotation
14:05:48 772 ERROR [main] com.cs.tool.impl.XmlTool com.base.def.type.item.CurrencyItemDef has no method setSerialVersionUID
14:05:48 772 INFO  [main] com.cs.tool.impl.XmlTool com.base.def.type.item.CurrencyItemDef xml loadding successful
14:05:48 772 ERROR [main] com.cs.tool.impl.XmlTool serialVersionUID has no @Describle annotation
14:05:48 772 ERROR [main] com.cs.tool.impl.XmlTool serialVersionUID has no describle
14:05:48 773 ERROR [main] com.cs.tool.impl.XmlTool serialVersionUID has no @Describle annotation
14:05:48 773 ERROR [main] com.cs.tool.impl.XmlTool serialVersionUID has no describle
14:05:48 773 INFO  [main] com.cs.tool.impl.XmlTool com.base.def.type.item.CurrencyItemDef excel load successful
14:05:48 774 ERROR [main] com.cs.tool.impl.XmlTool serialVersionUID has no @Describle annotation
14:05:48 774 ERROR [main] com.cs.tool.impl.XmlTool com.base.def.type.item.EquipDef has no method setSerialVersionUID
14:05:48 775 ERROR [main] com.cs.tool.impl.XmlTool serialVersionUID has no @Describle annotation
14:05:48 775 ERROR [main] com.cs.tool.impl.XmlTool com.base.def.type.item.EquipDef has no method setSerialVersionUID
14:05:48 776 INFO  [main] com.cs.tool.impl.XmlTool com.base.def.type.item.EquipDef xml loadding successful
14:05:48 776 ERROR [main] com.cs.tool.impl.XmlTool serialVersionUID has no @Describle annotation
14:05:48 776 ERROR [main] com.cs.tool.impl.XmlTool serialVersionUID has no describle
14:05:48 777 ERROR [main] com.cs.tool.impl.XmlTool serialVersionUID has no @Describle annotation
14:05:48 777 ERROR [main] com.cs.tool.impl.XmlTool serialVersionUID has no describle
14:05:48 778 INFO  [main] com.cs.tool.impl.XmlTool com.base.def.type.item.EquipDef excel load successful
14:05:48 779 ERROR [main] com.cs.tool.impl.XmlTool serialVersionUID has no @Describle annotation
14:05:48 779 ERROR [main] com.cs.tool.impl.XmlTool com.base.def.type.item.ExpConsumeItemDef has no method setSerialVersionUID
14:05:48 780 ERROR [main] com.cs.tool.impl.XmlTool serialVersionUID has no @Describle annotation
14:05:48 780 ERROR [main] com.cs.tool.impl.XmlTool com.base.def.type.item.ExpConsumeItemDef has no method setSerialVersionUID
14:05:48 780 INFO  [main] com.cs.tool.impl.XmlTool com.base.def.type.item.ExpConsumeItemDef xml loadding successful
14:05:48 780 ERROR [main] com.cs.tool.impl.XmlTool serialVersionUID has no @Describle annotation
14:05:48 780 ERROR [main] com.cs.tool.impl.XmlTool serialVersionUID has no describle
14:05:48 781 ERROR [main] com.cs.tool.impl.XmlTool serialVersionUID has no @Describle annotation
14:05:48 781 ERROR [main] com.cs.tool.impl.XmlTool serialVersionUID has no describle
14:05:48 781 INFO  [main] com.cs.tool.impl.XmlTool com.base.def.type.item.ExpConsumeItemDef excel load successful
14:05:48 782 ERROR [main] com.cs.tool.impl.XmlTool serialVersionUID has no @Describle annotation
14:05:48 782 ERROR [main] com.cs.tool.impl.XmlTool com.base.def.type.item.ExpSwordItemDef has no method setSerialVersionUID
14:05:48 783 ERROR [main] com.cs.tool.impl.XmlTool serialVersionUID has no @Describle annotation
14:05:48 783 ERROR [main] com.cs.tool.impl.XmlTool com.base.def.type.item.ExpSwordItemDef has no method setSerialVersionUID
14:05:48 783 INFO  [main] com.cs.tool.impl.XmlTool com.base.def.type.item.ExpSwordItemDef xml loadding successful
14:05:48 783 ERROR [main] com.cs.tool.impl.XmlTool serialVersionUID has no @Describle annotation
14:05:48 783 ERROR [main] com.cs.tool.impl.XmlTool serialVersionUID has no describle
14:05:48 784 ERROR [main] com.cs.tool.impl.XmlTool serialVersionUID has no @Describle annotation
14:05:48 784 ERROR [main] com.cs.tool.impl.XmlTool serialVersionUID has no describle
14:05:48 784 INFO  [main] com.cs.tool.impl.XmlTool com.base.def.type.item.ExpSwordItemDef excel load successful
14:05:48 784 ERROR [main] com.cs.tool.impl.XmlTool serialVersionUID has no @Describle annotation
14:05:48 785 ERROR [main] com.cs.tool.impl.XmlTool com.base.def.type.item.GemDef has no method setSerialVersionUID
14:05:48 786 ERROR [main] com.cs.tool.impl.XmlTool serialVersionUID has no @Describle annotation
14:05:48 786 ERROR [main] com.cs.tool.impl.XmlTool com.base.def.type.item.GemDef has no method setSerialVersionUID
14:05:48 786 INFO  [main] com.cs.tool.impl.XmlTool com.base.def.type.item.GemDef xml loadding successful
14:05:48 786 ERROR [main] com.cs.tool.impl.XmlTool serialVersionUID has no @Describle annotation
14:05:48 786 ERROR [main] com.cs.tool.impl.XmlTool serialVersionUID has no describle
14:05:48 788 ERROR [main] com.cs.tool.impl.XmlTool serialVersionUID has no @Describle annotation
14:05:48 788 ERROR [main] com.cs.tool.impl.XmlTool serialVersionUID has no describle
14:05:48 788 INFO  [main] com.cs.tool.impl.XmlTool com.base.def.type.item.GemDef excel load successful
14:05:48 788 ERROR [main] com.cs.tool.impl.XmlTool serialVersionUID has no @Describle annotation
14:05:48 788 ERROR [main] com.cs.tool.impl.XmlTool com.base.def.type.item.GoldItemDef has no method setSerialVersionUID
14:05:48 789 ERROR [main] com.cs.tool.impl.XmlTool serialVersionUID has no @Describle annotation
14:05:48 789 ERROR [main] com.cs.tool.impl.XmlTool com.base.def.type.item.GoldItemDef has no method setSerialVersionUID
14:05:48 789 INFO  [main] com.cs.tool.impl.XmlTool com.base.def.type.item.GoldItemDef xml loadding successful
14:05:48 789 ERROR [main] com.cs.tool.impl.XmlTool serialVersionUID has no @Describle annotation
14:05:48 790 ERROR [main] com.cs.tool.impl.XmlTool serialVersionUID has no describle
14:05:48 790 ERROR [main] com.cs.tool.impl.XmlTool serialVersionUID has no @Describle annotation
14:05:48 790 ERROR [main] com.cs.tool.impl.XmlTool serialVersionUID has no describle
14:05:48 790 INFO  [main] com.cs.tool.impl.XmlTool com.base.def.type.item.GoldItemDef excel load successful
14:05:48 791 ERROR [main] com.cs.tool.impl.XmlTool serialVersionUID has no @Describle annotation
14:05:48 791 ERROR [main] com.cs.tool.impl.XmlTool com.base.def.type.item.IncreateItemDef has no method setSerialVersionUID
14:05:48 792 ERROR [main] com.cs.tool.impl.XmlTool serialVersionUID has no @Describle annotation
14:05:48 792 ERROR [main] com.cs.tool.impl.XmlTool com.base.def.type.item.IncreateItemDef has no method setSerialVersionUID
14:05:48 792 INFO  [main] com.cs.tool.impl.XmlTool com.base.def.type.item.IncreateItemDef xml loadding successful
14:05:48 792 ERROR [main] com.cs.tool.impl.XmlTool serialVersionUID has no @Describle annotation
14:05:48 792 ERROR [main] com.cs.tool.impl.XmlTool serialVersionUID has no describle
14:05:48 793 ERROR [main] com.cs.tool.impl.XmlTool serialVersionUID has no @Describle annotation
14:05:48 793 ERROR [main] com.cs.tool.impl.XmlTool serialVersionUID has no describle
14:05:48 793 INFO  [main] com.cs.tool.impl.XmlTool com.base.def.type.item.IncreateItemDef excel load successful
14:05:48 793 ERROR [main] com.cs.tool.impl.XmlTool serialVersionUID has no @Describle annotation
14:05:48 793 ERROR [main] com.cs.tool.impl.XmlTool com.base.def.type.item.NomalItemDef has no method setSerialVersionUID
14:05:48 794 ERROR [main] com.cs.tool.impl.XmlTool serialVersionUID has no @Describle annotation
14:05:48 794 ERROR [main] com.cs.tool.impl.XmlTool com.base.def.type.item.NomalItemDef has no method setSerialVersionUID
14:05:48 794 INFO  [main] com.cs.tool.impl.XmlTool com.base.def.type.item.NomalItemDef xml loadding successful
14:05:48 794 ERROR [main] com.cs.tool.impl.XmlTool serialVersionUID has no @Describle annotation
14:05:48 794 ERROR [main] com.cs.tool.impl.XmlTool serialVersionUID has no describle
14:05:48 795 ERROR [main] com.cs.tool.impl.XmlTool serialVersionUID has no @Describle annotation
14:05:48 795 ERROR [main] com.cs.tool.impl.XmlTool serialVersionUID has no describle
14:05:48 795 INFO  [main] com.cs.tool.impl.XmlTool com.base.def.type.item.NomalItemDef excel load successful
14:05:48 795 ERROR [main] com.cs.tool.impl.XmlTool serialVersionUID has no @Describle annotation
14:05:48 795 ERROR [main] com.cs.tool.impl.XmlTool com.base.def.type.item.PotionItemDef has no method setSerialVersionUID
14:05:48 796 ERROR [main] com.cs.tool.impl.XmlTool serialVersionUID has no @Describle annotation
14:05:48 796 ERROR [main] com.cs.tool.impl.XmlTool com.base.def.type.item.PotionItemDef has no method setSerialVersionUID
14:05:48 797 INFO  [main] com.cs.tool.impl.XmlTool com.base.def.type.item.PotionItemDef xml loadding successful
14:05:48 797 ERROR [main] com.cs.tool.impl.XmlTool serialVersionUID has no @Describle annotation
14:05:48 797 ERROR [main] com.cs.tool.impl.XmlTool serialVersionUID has no describle
14:05:48 798 ERROR [main] com.cs.tool.impl.XmlTool serialVersionUID has no @Describle annotation
14:05:48 798 ERROR [main] com.cs.tool.impl.XmlTool serialVersionUID has no describle
14:05:48 798 INFO  [main] com.cs.tool.impl.XmlTool com.base.def.type.item.PotionItemDef excel load successful
14:05:48 798 ERROR [main] com.cs.tool.impl.XmlTool serialVersionUID has no @Describle annotation
14:05:48 798 ERROR [main] com.cs.tool.impl.XmlTool com.base.def.type.item.ResourcesItemDef has no method setSerialVersionUID
14:05:48 799 ERROR [main] com.cs.tool.impl.XmlTool serialVersionUID has no @Describle annotation
14:05:48 799 ERROR [main] com.cs.tool.impl.XmlTool com.base.def.type.item.ResourcesItemDef has no method setSerialVersionUID
14:05:48 799 INFO  [main] com.cs.tool.impl.XmlTool com.base.def.type.item.ResourcesItemDef xml loadding successful
14:05:48 799 ERROR [main] com.cs.tool.impl.XmlTool serialVersionUID has no @Describle annotation
14:05:48 799 ERROR [main] com.cs.tool.impl.XmlTool serialVersionUID has no describle
14:05:48 800 ERROR [main] com.cs.tool.impl.XmlTool serialVersionUID has no @Describle annotation
14:05:48 800 ERROR [main] com.cs.tool.impl.XmlTool serialVersionUID has no describle
14:05:48 800 INFO  [main] com.cs.tool.impl.XmlTool com.base.def.type.item.ResourcesItemDef excel load successful
14:05:48 801 ERROR [main] com.cs.tool.impl.XmlTool serialVersionUID has no @Describle annotation
14:05:48 801 ERROR [main] com.cs.tool.impl.XmlTool com.base.def.type.item.ScrollItemDef has no method setSerialVersionUID
14:05:48 802 ERROR [main] com.cs.tool.impl.XmlTool serialVersionUID has no @Describle annotation
14:05:48 802 ERROR [main] com.cs.tool.impl.XmlTool com.base.def.type.item.ScrollItemDef has no method setSerialVersionUID
14:05:48 802 INFO  [main] com.cs.tool.impl.XmlTool com.base.def.type.item.ScrollItemDef xml loadding successful
14:05:48 802 ERROR [main] com.cs.tool.impl.XmlTool serialVersionUID has no @Describle annotation
14:05:48 802 ERROR [main] com.cs.tool.impl.XmlTool serialVersionUID has no describle
14:05:48 803 ERROR [main] com.cs.tool.impl.XmlTool serialVersionUID has no @Describle annotation
14:05:48 803 ERROR [main] com.cs.tool.impl.XmlTool serialVersionUID has no describle
14:05:48 803 INFO  [main] com.cs.tool.impl.XmlTool com.base.def.type.item.ScrollItemDef excel load successful
14:05:48 803 ERROR [main] com.cs.tool.impl.XmlTool serialVersionUID has no @Describle annotation
14:05:48 803 ERROR [main] com.cs.tool.impl.XmlTool com.base.def.type.item.SkillBookDef has no method setSerialVersionUID
14:05:48 804 ERROR [main] com.cs.tool.impl.XmlTool serialVersionUID has no @Describle annotation
14:05:48 804 ERROR [main] com.cs.tool.impl.XmlTool com.base.def.type.item.SkillBookDef has no method setSerialVersionUID
14:05:48 805 INFO  [main] com.cs.tool.impl.XmlTool com.base.def.type.item.SkillBookDef xml loadding successful
14:05:48 805 ERROR [main] com.cs.tool.impl.XmlTool serialVersionUID has no @Describle annotation
14:05:48 805 ERROR [main] com.cs.tool.impl.XmlTool serialVersionUID has no describle
14:05:48 805 ERROR [main] com.cs.tool.impl.XmlTool serialVersionUID has no @Describle annotation
14:05:48 805 ERROR [main] com.cs.tool.impl.XmlTool serialVersionUID has no describle
14:05:48 806 INFO  [main] com.cs.tool.impl.XmlTool com.base.def.type.item.SkillBookDef excel load successful
14:05:48 806 ERROR [main] com.cs.tool.impl.XmlTool serialVersionUID has no @Describle annotation
14:05:48 806 ERROR [main] com.cs.tool.impl.XmlTool com.base.def.type.item.TaskItemDef has no method setSerialVersionUID
14:05:48 807 ERROR [main] com.cs.tool.impl.XmlTool serialVersionUID has no @Describle annotation
14:05:48 807 ERROR [main] com.cs.tool.impl.XmlTool com.base.def.type.item.TaskItemDef has no method setSerialVersionUID
14:05:48 807 INFO  [main] com.cs.tool.impl.XmlTool com.base.def.type.item.TaskItemDef xml loadding successful
14:05:48 807 ERROR [main] com.cs.tool.impl.XmlTool serialVersionUID has no @Describle annotation
14:05:48 807 ERROR [main] com.cs.tool.impl.XmlTool serialVersionUID has no describle
14:05:48 808 ERROR [main] com.cs.tool.impl.XmlTool serialVersionUID has no @Describle annotation
14:05:48 808 ERROR [main] com.cs.tool.impl.XmlTool serialVersionUID has no describle
14:05:48 808 INFO  [main] com.cs.tool.impl.XmlTool com.base.def.type.item.TaskItemDef excel load successful
14:05:48 808 ERROR [main] com.cs.tool.impl.XmlTool serialVersionUID has no @Describle annotation
14:05:48 808 ERROR [main] com.cs.tool.impl.XmlTool com.base.def.type.LevelDef has no method setSerialVersionUID
14:05:48 808 INFO  [main] com.cs.tool.impl.XmlTool com.base.def.type.LevelDef xml loadding successful
14:05:48 809 ERROR [main] com.cs.tool.impl.XmlTool serialVersionUID has no @Describle annotation
14:05:48 809 ERROR [main] com.cs.tool.impl.XmlTool serialVersionUID has no describle
14:05:48 809 INFO  [main] com.cs.tool.impl.XmlTool com.base.def.type.LevelDef excel load successful
14:05:48 810 ERROR [main] com.cs.tool.impl.XmlTool serialVersionUID has no @Describle annotation
14:05:48 810 ERROR [main] com.cs.tool.impl.XmlTool com.base.def.type.MapDef has no method setSerialVersionUID
14:05:48 819 ERROR [main] com.cs.tool.impl.XmlTool serialVersionUID has no @Describle annotation
14:05:48 819 ERROR [main] com.cs.tool.impl.XmlTool com.base.def.entity.PolygonDef dosen't has the method setSerialVersionUID
14:05:48 819 ERROR [main] com.cs.tool.impl.XmlTool serialVersionUID has no @Describle annotation
14:05:48 819 ERROR [main] com.cs.tool.impl.XmlTool com.base.def.entity.PointDef dosen't has the method setSerialVersionUID
14:05:48 819 ERROR [main] com.cs.tool.impl.XmlTool serialVersionUID has no @Describle annotation
14:05:48 820 ERROR [main] com.cs.tool.impl.XmlTool com.base.def.entity.PolygonDef dosen't has the method setSerialVersionUID
14:05:48 820 ERROR [main] com.cs.tool.impl.XmlTool serialVersionUID has no @Describle annotation
14:05:48 820 ERROR [main] com.cs.tool.impl.XmlTool com.base.def.entity.PointDef dosen't has the method setSerialVersionUID
14:05:48 820 ERROR [main] com.cs.tool.impl.XmlTool serialVersionUID has no @Describle annotation
14:05:48 820 ERROR [main] com.cs.tool.impl.XmlTool com.base.def.entity.PolygonDef dosen't has the method setSerialVersionUID
14:05:48 820 ERROR [main] com.cs.tool.impl.XmlTool serialVersionUID has no @Describle annotation
14:05:48 820 ERROR [main] com.cs.tool.impl.XmlTool com.base.def.entity.PointDef dosen't has the method setSerialVersionUID
14:05:48 821 ERROR [main] com.cs.tool.impl.XmlTool serialVersionUID has no @Describle annotation
14:05:48 821 ERROR [main] com.cs.tool.impl.XmlTool com.base.def.entity.TeleportDef dosen't has the method setSerialVersionUID
14:05:48 821 ERROR [main] com.cs.tool.impl.XmlTool serialVersionUID has no @Describle annotation
14:05:48 821 ERROR [main] com.cs.tool.impl.XmlTool com.base.def.type.NavmeshDef dosen't has the method setSerialVersionUID
14:05:48 827 ERROR [main] com.cs.tool.impl.XmlTool serialVersionUID has no @Describle annotation
14:05:48 828 ERROR [main] com.cs.tool.impl.XmlTool com.base.def.type.NPCDef has no method setSerialVersionUID
14:05:48 828 INFO  [main] com.cs.tool.impl.XmlTool com.base.def.type.NPCDef xml loadding successful
14:05:48 828 ERROR [main] com.cs.tool.impl.XmlTool serialVersionUID has no @Describle annotation
14:05:48 828 ERROR [main] com.cs.tool.impl.XmlTool serialVersionUID has no describle
14:05:48 828 INFO  [main] com.cs.tool.impl.XmlTool com.base.def.type.NPCDef excel load successful
14:05:48 828 ERROR [main] com.cs.tool.impl.XmlTool serialVersionUID has no @Describle annotation
14:05:48 828 ERROR [main] com.cs.tool.impl.XmlTool com.base.def.type.PetDef has no method setSerialVersionUID
14:05:48 829 INFO  [main] com.cs.tool.impl.XmlTool com.base.def.type.PetDef xml loadding successful
14:05:48 829 ERROR [main] com.cs.tool.impl.XmlTool serialVersionUID has no @Describle annotation
14:05:48 829 ERROR [main] com.cs.tool.impl.XmlTool serialVersionUID has no describle
14:05:48 829 INFO  [main] com.cs.tool.impl.XmlTool com.base.def.type.PetDef excel load successful
